2025-12-28 12:44:00 | WARN | repo=2017-course-sys-int-activemq-seminar | action=edit | files=1
2025-09-22 13:12:00 | WARN | repo=2017-course-sys-int-activemq-seminar | action=commit
2025-03-02 08:38:00 | DEBUG | repo=2017-course-sys-int-activemq-seminar | action=commit
2025-05-20 13:01:00 | DEBUG | repo=2017-course-sys-int-activemq-seminar | action=pull
2025-09-21 21:25:00 | DEBUG | repo=2017-course-sys-int-activemq-seminar | action=edit | files=4
2025-07-23 20:01:00 | INFO | repo=2017-course-sys-int-activemq-seminar | action=test | passed=true
2025-01-08 19:07:00 | DEBUG | repo=2017-course-sys-int-activemq-seminar | action=commit
2025-05-04 19:35:00 | WARN | repo=2017-course-sys-int-activemq-seminar | action=commit
2025-11-16 12:50:00 | DEBUG | repo=2017-course-sys-int-activemq-seminar | action=commit
2025-05-21 09:13:00 | DEBUG | repo=2017-course-sys-int-activemq-seminar | action=commit
2025-01-12 09:22:00 | INFO | repo=2017-course-sys-int-activemq-seminar | action=edit | files=3
2025-07-26 18:54:00 | DEBUG | repo=2017-course-sys-int-activemq-seminar | action=commit
2025-04-16 08:36:00 | DEBUG | repo=2017-course-sys-int-activemq-seminar | action=commit
2025-09-27 08:42:00 | DEBUG | repo=2017-course-sys-int-activemq-seminar | action=commit
2025-05-01 16:45:00 | WARN | repo=2017-course-sys-int-activemq-seminar | action=commit
2025-03-26 13:11:00 | WARN | repo=2017-course-sys-int-activemq-seminar | action=commit
2025-12-12 20:59:00 | WARN | repo=2017-course-sys-int-activemq-seminar | action=commit
2025-10-11 07:17:00 | WARN | repo=2017-course-sys-int-activemq-seminar | action=commit
2025-02-25 16:17:00 | DEBUG | repo=2017-course-sys-int-activemq-seminar | action=pull
2025-10-01 21:41:00 | DEBUG | repo=2017-course-sys-int-activemq-seminar | action=test | passed=true
2025-10-21 09:26:00 | DEBUG | repo=2017-course-sys-int-activemq-seminar | action=edit | files=3
2025-01-10 19:09:00 | DEBUG | repo=2017-course-sys-int-activemq-seminar | action=pull
2025-02-13 16:27:00 | INFO | repo=2017-course-sys-int-activemq-seminar | action=commit
2025-02-16 10:42:00 | DEBUG | repo=2017-course-sys-int-activemq-seminar | action=commit
2025-03-06 21:46:00 | INFO | repo=2017-course-sys-int-activemq-seminar | action=commit
2025-11-26 10:00:00 | DEBUG | repo=2017-course-sys-int-activemq-seminar | action=commit
2025-01-12 12:23:00 | INFO | repo=2017-course-sys-int-activemq-seminar | action=commit
2025-03-27 13:07:00 | WARN | repo=2017-course-sys-int-activemq-seminar | action=commit
2025-12-13 15:51:00 | WARN | repo=2017-course-sys-int-activemq-seminar | action=test | passed=true
2025-07-21 08:44:00 | DEBUG | repo=2017-course-sys-int-activemq-seminar | action=commit
2025-03-23 19:28:00 | DEBUG | repo=2017-course-sys-int-activemq-seminar | action=commit
2025-04-06 18:27:00 | WARN | repo=2017-course-sys-int-activemq-seminar | action=commit
2025-03-14 15:02:00 | DEBUG | repo=2017-course-sys-int-activemq-seminar | action=commit
2025-12-25 16:31:00 | WARN | repo=2017-course-sys-int-activemq-seminar | action=commit
2025-03-03 07:03:00 | INFO | repo=2017-course-sys-int-activemq-seminar | action=commit
2025-02-04 19:19:00 | DEBUG | repo=2017-course-sys-int-activemq-seminar | action=commit
2025-06-05 16:15:00 | INFO | repo=2017-course-sys-int-activemq-seminar | action=commit
2025-11-08 08:00:00 | DEBUG | repo=2017-course-sys-int-activemq-seminar | action=commit
2025-07-24 11:09:00 | INFO | repo=2017-course-sys-int-activemq-seminar | action=pull
2025-11-16 19:27:00 | WARN | repo=2017-course-sys-int-activemq-seminar | action=commit
2025-10-07 21:16:00 | DEBUG | repo=2017-course-sys-int-activemq-seminar | action=commit
2025-10-03 15:40:00 | WARN | repo=2017-course-sys-int-activemq-seminar | action=commit
2025-12-25 16:14:00 | DEBUG | repo=2017-course-sys-int-activemq-seminar | action=commit
2025-06-24 11:00:00 | INFO | repo=2017-course-sys-int-activemq-seminar | action=commit
2025-06-20 12:22:00 | INFO | repo=2017-course-sys-int-activemq-seminar | action=pull
2025-04-01 19:24:00 | DEBUG | repo=2017-course-sys-int-activemq-seminar | action=commit
2025-08-12 21:13:00 | INFO | repo=2017-course-sys-int-activemq-seminar | action=commit
2025-05-28 19:36:00 | WARN | repo=2017-course-sys-int-activemq-seminar | action=test | passed=true
2025-09-25 20:28:00 | DEBUG | repo=2017-course-sys-int-activemq-seminar | action=commit
2025-06-02 17:59:00 | INFO | repo=2017-course-sys-int-activemq-seminar | action=commit
2025-12-03 09:11:00 | WARN | repo=2017-course-sys-int-activemq-seminar | action=commit
2025-04-07 20:42:00 | WARN | repo=2017-course-sys-int-activemq-seminar | action=commit
2025-09-18 19:13:00 | INFO | repo=2017-course-sys-int-activemq-seminar | action=commit
2025-03-22 09:10:00 | DEBUG | repo=2017-course-sys-int-activemq-seminar | action=commit
2025-02-26 21:29:00 | INFO | repo=2017-course-sys-int-activemq-seminar | action=commit
2025-06-20 18:51:00 | DEBUG | repo=2017-course-sys-int-activemq-seminar | action=commit
2025-02-03 14:36:00 | INFO | repo=2017-course-sys-int-activemq-seminar | action=commit
2025-04-05 15:37:00 | WARN | repo=2017-course-sys-int-activemq-seminar | action=commit
2025-06-16 19:18:00 | DEBUG | repo=2017-course-sys-int-activemq-seminar | action=commit
2025-03-08 13:05:00 | DEBUG | repo=2017-course-sys-int-activemq-seminar | action=commit
2025-03-05 08:39:00 | DEBUG | repo=2017-course-sys-int-activemq-seminar | action=commit
2025-08-28 16:14:00 | INFO | repo=2017-course-sys-int-activemq-seminar | action=commit
2025-12-03 19:57:00 | WARN | repo=2017-course-sys-int-activemq-seminar | action=commit
2025-03-15 11:30:00 | WARN | repo=2017-course-sys-int-activemq-seminar | action=edit | files=1
2025-05-18 07:54:00 | WARN | repo=2017-course-sys-int-activemq-seminar | action=commit
2025-10-04 19:54:00 | WARN | repo=2017-course-sys-int-activemq-seminar | action=commit
2025-08-16 16:18:00 | DEBUG | repo=2017-course-sys-int-activemq-seminar | action=commit
2025-04-22 08:15:00 | WARN | repo=2017-course-sys-int-activemq-seminar | action=test | passed=true
2025-03-22 11:52:00 | INFO | repo=2017-course-sys-int-activemq-seminar | action=commit
2025-07-02 14:09:00 | INFO | repo=2017-course-sys-int-activemq-seminar | action=commit
2025-11-17 17:05:00 | DEBUG | repo=2017-course-sys-int-activemq-seminar | action=commit
2025-08-20 21:58:00 | DEBUG | repo=2017-course-sys-int-activemq-seminar | action=commit
2025-09-16 21:03:00 | INFO | repo=2017-course-sys-int-activemq-seminar | action=commit
2025-12-16 20:22:00 | INFO | repo=2017-course-sys-int-activemq-seminar | action=commit
2025-12-17 11:28:00 | DEBUG | repo=2017-course-sys-int-activemq-seminar | action=commit
2025-05-23 15:29:00 | DEBUG | repo=2017-course-sys-int-activemq-seminar | action=commit
2025-05-16 18:52:00 | INFO | repo=2017-course-sys-int-activemq-seminar | action=test | passed=true
2025-11-22 21:08:00 | DEBUG | repo=2017-course-sys-int-activemq-seminar | action=commit
2025-08-16 07:36:00 | DEBUG | repo=2017-course-sys-int-activemq-seminar | action=test | passed=true
2025-11-16 12:52:00 | INFO | repo=2017-course-sys-int-activemq-seminar | action=commit
2025-06-22 12:41:00 | DEBUG | repo=2017-course-sys-int-activemq-seminar | action=commit
2025-12-13 18:54:00 | DEBUG | repo=2017-course-sys-int-activemq-seminar | action=commit
2025-01-11 18:08:00 | WARN | repo=2017-course-sys-int-activemq-seminar | action=commit
2025-04-13 10:42:00 | WARN | repo=2017-course-sys-int-activemq-seminar | action=commit
2025-08-07 16:22:00 | DEBUG | repo=2017-course-sys-int-activemq-seminar | action=pull
2025-03-07 13:09:00 | INFO | repo=2017-course-sys-int-activemq-seminar | action=pull
2025-07-28 16:20:00 | DEBUG | repo=2017-course-sys-int-activemq-seminar | action=commit
2025-10-18 18:35:00 | INFO | repo=2017-course-sys-int-activemq-seminar | action=commit
2025-08-03 11:37:00 | WARN | repo=2017-course-sys-int-activemq-seminar | action=edit | files=3
2025-01-12 20:02:00 | INFO | repo=2017-course-sys-int-activemq-seminar | action=edit | files=1
2025-06-15 15:38:00 | INFO | repo=2017-course-sys-int-activemq-seminar | action=test | passed=true
2025-04-22 12:21:00 | INFO | repo=2017-course-sys-int-activemq-seminar | action=commit
2025-07-21 21:28:00 | DEBUG | repo=2017-course-sys-int-activemq-seminar | action=commit
2025-06-23 07:43:00 | INFO | repo=2017-course-sys-int-activemq-seminar | action=commit
2025-05-25 07:20:00 | WARN | repo=2017-course-sys-int-activemq-seminar | action=edit | files=2
2025-05-12 19:44:00 | WARN | repo=2017-course-sys-int-activemq-seminar | action=commit
2025-11-26 14:17:00 | WARN | repo=2017-course-sys-int-activemq-seminar | action=commit
2025-04-08 21:36:00 | WARN | repo=2017-course-sys-int-activemq-seminar | action=commit
2025-01-03 18:07:00 | WARN | repo=2017-course-sys-int-activemq-seminar | action=commit
2025-04-16 13:26:00 | DEBUG | repo=2017-course-sys-int-activemq-seminar | action=commit
2025-07-26 10:40:00 | WARN | repo=2017-course-sys-int-activemq-seminar | action=commit
2025-08-14 08:50:00 | INFO | repo=2017-course-sys-int-activemq-seminar | action=commit
2025-03-19 21:10:00 | DEBUG | repo=2017-course-sys-int-activemq-seminar | action=commit
2025-06-15 20:48:00 | WARN | repo=2017-course-sys-int-activemq-seminar | action=commit
2025-09-15 07:38:00 | DEBUG | repo=2017-course-sys-int-activemq-seminar | action=commit
2025-06-26 12:09:00 | DEBUG | repo=2017-course-sys-int-activemq-seminar | action=pull
2025-10-02 13:28:00 | DEBUG | repo=2017-course-sys-int-activemq-seminar | action=test | passed=true
2025-10-26 07:26:00 | DEBUG | repo=2017-course-sys-int-activemq-seminar | action=commit
2025-10-25 21:00:00 | DEBUG | repo=2017-course-sys-int-activemq-seminar | action=commit
2025-01-14 21:25:00 | INFO | repo=2017-course-sys-int-activemq-seminar | action=pull
2025-01-18 10:05:00 | WARN | repo=2017-course-sys-int-activemq-seminar | action=commit
2025-10-15 12:42:00 | WARN | repo=2017-course-sys-int-activemq-seminar | action=commit
2025-06-18 14:47:00 | DEBUG | repo=2017-course-sys-int-activemq-seminar | action=pull
2025-11-09 15:44:00 | DEBUG | repo=2017-course-sys-int-activemq-seminar | action=commit
2025-03-22 08:21:00 | WARN | repo=2017-course-sys-int-activemq-seminar | action=test | passed=true
2025-09-24 19:01:00 | INFO | repo=2017-course-sys-int-activemq-seminar | action=commit
2025-05-28 12:53:00 | DEBUG | repo=2017-course-sys-int-activemq-seminar | action=edit | files=5
2025-11-09 19:36:00 | WARN | repo=2017-course-sys-int-activemq-seminar | action=commit
2025-09-27 20:07:00 | INFO | repo=2017-course-sys-int-activemq-seminar | action=commit
2025-02-09 17:08:00 | INFO | repo=2017-course-sys-int-activemq-seminar | action=commit
2025-08-23 07:39:00 | WARN | repo=2017-course-sys-int-activemq-seminar | action=commit
2025-04-24 11:18:00 | DEBUG | repo=2017-course-sys-int-activemq-seminar | action=commit
2025-01-21 08:04:00 | WARN | repo=2017-course-sys-int-activemq-seminar | action=pull
2025-04-15 16:01:00 | INFO | repo=2017-course-sys-int-activemq-seminar | action=commit
2025-09-10 21:11:00 | WARN | repo=2017-course-sys-int-activemq-seminar | action=commit
2025-12-15 08:29:00 | DEBUG | repo=2017-course-sys-int-activemq-seminar | action=commit
2025-05-20 16:21:00 | DEBUG | repo=2017-course-sys-int-activemq-seminar | action=commit
2025-05-18 11:37:00 | DEBUG | repo=2017-course-sys-int-activemq-seminar | action=test | passed=true
2025-03-16 10:51:00 | DEBUG | repo=2017-course-sys-int-activemq-seminar | action=commit
2025-06-15 20:53:00 | INFO | repo=2017-course-sys-int-activemq-seminar | action=edit | files=1
2025-10-05 10:14:00 | WARN | repo=2017-course-sys-int-activemq-seminar | action=commit
2025-09-23 20:21:00 | DEBUG | repo=2017-course-sys-int-activemq-seminar | action=commit
2025-02-10 16:14:00 | WARN | repo=2017-course-sys-int-activemq-seminar | action=commit
2025-05-28 11:59:00 | INFO | repo=2017-course-sys-int-activemq-seminar | action=commit
2025-11-19 09:51:00 | INFO | repo=2017-course-sys-int-activemq-seminar | action=commit
2025-09-26 21:44:00 | INFO | repo=2017-course-sys-int-activemq-seminar | action=commit
2025-05-08 20:17:00 | INFO | repo=2017-course-sys-int-activemq-seminar | action=commit
2025-01-27 15:58:00 | WARN | repo=2017-course-sys-int-activemq-seminar | action=commit
2025-03-17 19:26:00 | DEBUG | repo=2017-course-sys-int-activemq-seminar | action=commit
2025-06-08 14:20:00 | DEBUG | repo=2017-course-sys-int-activemq-seminar | action=commit
2025-12-27 17:45:00 | WARN | repo=2017-course-sys-int-activemq-seminar | action=commit
